<?xml version="1.0" encoding="UTF-8"?>
<!-- Generated by org.testng.reporters.JUnitXMLReporter -->
<testsuite ignored="0" hostname="Sudhakar" failures="0" tests="3" name="Default test" time="33.728" errors="0" timestamp="2021-09-03T22:16:51 IST">
  <testcase classname="tests.AmazonTestCases" name="Registration" time="9.222"/>
  <testcase classname="tests.AmazonTestCases" name="login" time="5.067"/>
  <testcase classname="tests.AmazonTestCases" name="addToCart" time="13.351"/>
</testsuite> <!-- Default test -->
