<?xml version="1.0" encoding="UTF-8"?>
<testng-results ignored="0" total="3" passed="3" failed="0" skipped="0">
  <reporter-output>
  </reporter-output>
  <suite started-at="2021-09-03T22:16:18 IST" name="Default suite" finished-at="2021-09-03T22:16:51 IST" duration-ms="33728">
    <groups>
    </groups>
    <test started-at="2021-09-03T22:16:18 IST" name="Default test" finished-at="2021-09-03T22:16:51 IST" duration-ms="33728">
      <class name="tests.AmazonTestCases">
        <test-method is-config="true" signature="beforeClass()[pri:0, instance:tests.AmazonTestCases@306e95ec]" started-at="2021-09-03T22:16:18 IST" name="beforeClass" finished-at="2021-09-03T22:16:24 IST" duration-ms="5978" status="PASS">
          <reporter-output>
          </reporter-output>
        </test-method> <!-- beforeClass -->
        <test-method signature="Registration()[pri:0, instance:tests.AmazonTestCases@306e95ec]" started-at="2021-09-03T22:16:24 IST" name="Registration" finished-at="2021-09-03T22:16:33 IST" duration-ms="9222" status="PASS">
          <reporter-output>
          </reporter-output>
        </test-method> <!-- Registration -->
        <test-method signature="login()[pri:0, instance:tests.AmazonTestCases@306e95ec]" started-at="2021-09-03T22:16:33 IST" name="login" finished-at="2021-09-03T22:16:38 IST" depends-on-methods="tests.AmazonTestCases.Registration" duration-ms="5067" status="PASS">
          <reporter-output>
          </reporter-output>
        </test-method> <!-- login -->
        <test-method signature="addToCart()[pri:0, instance:tests.AmazonTestCases@306e95ec]" started-at="2021-09-03T22:16:38 IST" name="addToCart" finished-at="2021-09-03T22:16:51 IST" depends-on-methods="tests.AmazonTestCases.login" duration-ms="13351" status="PASS">
          <reporter-output>
          </reporter-output>
        </test-method> <!-- addToCart -->
        <test-method is-config="true" signature="afterClass()[pri:0, instance:tests.AmazonTestCases@306e95ec]" started-at="2021-09-03T22:16:51 IST" name="afterClass" finished-at="2021-09-03T22:16:51 IST" duration-ms="1" status="PASS">
          <reporter-output>
          </reporter-output>
        </test-method> <!-- afterClass -->
      </class> <!-- tests.AmazonTestCases -->
    </test> <!-- Default test -->
  </suite> <!-- Default suite -->
</testng-results>
